<?xml version="1.0" encoding="UTF-8"?>
<!-- Generated by org.testng.reporters.JUnitXMLReporter -->
<testsuite hostname="LAPTOP-IVSO33ML" name="LoginTestScripts" tests="3" failures="0" timestamp="15 Nov 2021 12:25:41 GMT" time="8.259" errors="0">
  <testcase name="joinmembers" time="3.437" classname="Limepay.Amazon.loginTC"/>
  <testcase name="joinmembers2" time="1.298" classname="Limepay.Amazon.loginTC"/>
  <testcase name="script" time="0.0" classname="Limepay.Amazon.logintc2"/>
</testsuite> <!-- LoginTestScripts -->
