<?xml version="1.0" encoding="UTF-8"?>
<testng-results skipped="0" failed="0" total="1" passed="1">
  <reporter-output>
  </reporter-output>
  <suite name="Default suite" duration-ms="22" started-at="2021-09-07T08:25:14Z" finished-at="2021-09-07T08:25:14Z">
    <groups>
    </groups>
    <test name="Default test" duration-ms="22" started-at="2021-09-07T08:25:14Z" finished-at="2021-09-07T08:25:14Z">
      <class name="WebApp.FacebookAutomation.BaseClass.webBaseTest">
        <test-method status="PASS" signature="init()[pri:0, instance:WebApp.FacebookAutomation.BaseClass.webBaseTest@4563e9ab]" name="init" duration-ms="10" started-at="2021-09-07T13:55:14Z" finished-at="2021-09-07T13:55:14Z">
          <reporter-output>
          </reporter-output>
        </test-method> <!-- init -->
      </class> <!-- WebApp.FacebookAutomation.BaseClass.webBaseTest -->
    </test> <!-- Default test -->
  </suite> <!-- Default suite -->
</testng-results>
