<?xml version="1.0" encoding="UTF-8"?>
<testng-results skipped="0" failed="0" total="1" passed="1">
  <reporter-output>
  </reporter-output>
  <suite name="Default suite" duration-ms="54" started-at="2021-09-04T09:28:15Z" finished-at="2021-09-04T09:28:15Z">
    <groups>
    </groups>
    <test name="Default test" duration-ms="54" started-at="2021-09-04T09:28:15Z" finished-at="2021-09-04T09:28:15Z">
      <class name="Subtest.Test.webBaseTest">
        <test-method status="PASS" signature="init()[pri:0, instance:Subtest.Test.webBaseTest@1134affc]" name="init" duration-ms="21" started-at="2021-09-04T14:58:15Z" finished-at="2021-09-04T14:58:15Z">
          <reporter-output>
          </reporter-output>
        </test-method> <!-- init -->
      </class> <!-- Subtest.Test.webBaseTest -->
    </test> <!-- Default test -->
  </suite> <!-- Default suite -->
</testng-results>
