<?xml version="1.0" encoding="UTF-8"?>
<testng-results skipped="0" failed="0" total="1" passed="1">
  <reporter-output>
  </reporter-output>
  <suite name="Default suite" duration-ms="36266" started-at="2021-12-06T07:36:31Z" finished-at="2021-12-06T07:37:07Z">
    <groups>
    </groups>
    <test name="Default test" duration-ms="36266" started-at="2021-12-06T07:36:31Z" finished-at="2021-12-06T07:37:07Z">
      <class name="Webapp.BeatBlip.TS004_Automateclick">
        <test-method status="PASS" signature="setupwebpage()[pri:0, instance:Webapp.BeatBlip.TS004_Automateclick@6108b2d7]" name="setupwebpage" is-config="true" duration-ms="15457" started-at="2021-12-06T13:06:31Z" finished-at="2021-12-06T13:06:46Z">
          <reporter-output>
          </reporter-output>
        </test-method> <!-- setupwebpage -->
        <test-method status="PASS" signature="deleteprojectscript()[pri:0, instance:Webapp.BeatBlip.TS004_Automateclick@6108b2d7]" name="deleteprojectscript" duration-ms="20798" started-at="2021-12-06T13:06:47Z" finished-at="2021-12-06T13:07:07Z">
          <reporter-output>
          </reporter-output>
        </test-method> <!-- deleteprojectscript -->
      </class> <!-- Webapp.BeatBlip.TS004_Automateclick -->
    </test> <!-- Default test -->
  </suite> <!-- Default suite -->
</testng-results>
